     5 Grab_unit/.gitignore
     0 Grab_unit/.pio/build/project.checksum
   511 Grab_unit/.vscode/c_cpp_properties.json
    10 Grab_unit/.vscode/extensions.json
    44 Grab_unit/.vscode/launch.json
     4 Grab_unit/include/.vscode/settings.json
  1363 Grab_unit/include/EMMC42V5.hpp
   129 Grab_unit/include/ESP32FLASHEEPROM.hpp
   202 Grab_unit/include/ESPNOW.hpp
   233 Grab_unit/include/HEServo.hpp
    39 Grab_unit/include/README
    51 Grab_unit/include/RTOSSERVO.hpp
    56 Grab_unit/include/SENSOR.hpp
    59 Grab_unit/include/filter.hpp
    46 Grab_unit/lib/README
    56 Grab_unit/lib/SENSOR.hpp
    19 Grab_unit/platformio.ini
   490 Grab_unit/src/main.cpp
    11 Grab_unit/test/README
     2 README.md
     5 crossbeam_control/.gitignore
     0 crossbeam_control/.pio/build/project.checksum
   509 crossbeam_control/.vscode/c_cpp_properties.json
    10 crossbeam_control/.vscode/extensions.json
    44 crossbeam_control/.vscode/launch.json
    52 crossbeam_control/.vscode/settings.json
  1364 crossbeam_control/include/EMMC42V5.hpp
    69 crossbeam_control/include/ESP32FLASHEEPROM.hpp
   207 crossbeam_control/include/ESPNOW.hpp
    35 crossbeam_control/include/PINS.hpp
    39 crossbeam_control/include/README
    46 crossbeam_control/lib/README
    15 crossbeam_control/platformio.ini
   309 crossbeam_control/src/main.cpp
    11 crossbeam_control/test/README
     5 recognition_unit/.gitignore
     0 recognition_unit/.pio/build/project.checksum
   499 recognition_unit/.vscode/c_cpp_properties.json
    10 recognition_unit/.vscode/extensions.json
    44 recognition_unit/.vscode/launch.json
     7 recognition_unit/.vscode/settings.json
    77 recognition_unit/include/ESP32FLASHEEPROM.hpp
   189 recognition_unit/include/ESPNOW.hpp
    39 recognition_unit/include/README
    61 recognition_unit/include/SENSOR.hpp
    59 recognition_unit/include/filter.hpp
    46 recognition_unit/lib/README
    18 recognition_unit/platformio.ini
   167 recognition_unit/src/main.cpp
    11 recognition_unit/test/README
     5 wirelesstester/.gitignore
    10 wirelesstester/.vscode/extensions.json
    52 wirelesstester/.vscode/settings.json
   195 wirelesstester/include/ESPNOW.hpp
    39 wirelesstester/include/README
   114 wirelesstester/include/SimpleSerialShell.h
  1090 wirelesstester/include/commands.hpp
   304 wirelesstester/include/rechtml.hpp
   350 wirelesstester/include/roothtml.hpp
   275 wirelesstester/include/testhtml.hpp
   213 wirelesstester/include/web.hpp
    46 wirelesstester/lib/README
    22 wirelesstester/platformio.ini
   346 wirelesstester/src/SimpleSerialShell.cpp
   258 wirelesstester/src/main.cpp
    11 wirelesstester/test/README
   357 wirelesstester/test/main.html
   300 wirelesstester/test/rec.html
   273 wirelesstester/test/test.html
 11537 total
